<?xml version="1.0" encoding="UTF-8"?>
<testsuite name="TestRobotTest" tests="1" skipped="0" failures="0" errors="0" timestamp="2020-03-15T21:37:44" hostname="Computer" time="0.003">
  <properties/>
  <testcase name="testRobotColor" classname="TestRobotTest" time="0.003"/>
  <system-out><![CDATA[]]></system-out>
  <system-err><![CDATA[]]></system-err>
</testsuite>
